[debug] [2023-10-07T07:53:31.739Z] ----------------------------------------------------------------------
[debug] [2023-10-07T07:53:31.741Z] Command:       C:\Program Files\nodejs\node.exe C:\Users\Nicolas\AppData\Roaming\npm\node_modules\firebase-tools\lib\bin\firebase.js emulators:start
[debug] [2023-10-07T07:53:31.741Z] CLI Version:   12.6.2
[debug] [2023-10-07T07:53:31.741Z] Platform:      win32
[debug] [2023-10-07T07:53:31.742Z] Node Version:  v18.17.0
[debug] [2023-10-07T07:53:31.742Z] Time:          Sat Oct 07 2023 18:53:31 GMT+1100 (Australian Eastern Daylight Time)
[debug] [2023-10-07T07:53:31.742Z] ----------------------------------------------------------------------
[debug] 
[debug] [2023-10-07T07:53:31.829Z] > command requires scopes: ["email","openid","https://www.googleapis.com/auth/cloudplatformprojects.readonly","https://www.googleapis.com/auth/firebase","https://www.googleapis.com/auth/cloud-platform"]
[debug] [2023-10-07T07:53:31.829Z] > authorizing via signed-in user (nicothelatino1@gmail.com)
[info] i  emulators: Starting emulators: functions {"metadata":{"emulator":{"name":"hub"},"message":"Starting emulators: functions"}}
[debug] [2023-10-07T07:53:31.837Z] [logging] Logging Emulator only supports listening on one address (127.0.0.1). Not listening on ::1
[debug] [2023-10-07T07:53:31.837Z] assigned listening specs for emulators {"user":{"hub":[{"address":"127.0.0.1","family":"IPv4","port":4400},{"address":"::1","family":"IPv6","port":4400}],"ui":[{"address":"127.0.0.1","family":"IPv4","port":4000},{"address":"::1","family":"IPv6","port":4000}],"logging":[{"address":"127.0.0.1","family":"IPv4","port":4500}]},"metadata":{"message":"assigned listening specs for emulators"}}
[debug] [2023-10-07T07:53:31.849Z] [hub] writing locator at C:\Users\Nicolas\AppData\Local\Temp\hub-deakin-web-app-cba3b.json
[debug] [2023-10-07T07:53:31.860Z] [functions] Functions Emulator only supports listening on one address (127.0.0.1). Not listening on ::1
[debug] [2023-10-07T07:53:31.860Z] [eventarc] Eventarc Emulator only supports listening on one address (127.0.0.1). Not listening on ::1
[debug] [2023-10-07T07:53:31.861Z] late-assigned ports for functions and eventarc emulators {"user":{"hub":[{"address":"127.0.0.1","family":"IPv4","port":4400},{"address":"::1","family":"IPv6","port":4400}],"ui":[{"address":"127.0.0.1","family":"IPv4","port":4000},{"address":"::1","family":"IPv6","port":4000}],"logging":[{"address":"127.0.0.1","family":"IPv4","port":4500}],"functions":[{"address":"127.0.0.1","family":"IPv4","port":5001}],"eventarc":[{"address":"127.0.0.1","family":"IPv4","port":9299}]},"metadata":{"message":"late-assigned ports for functions and eventarc emulators"}}
[warn] !  functions: The following emulators are not running, calls to these services from the Functions emulator will affect production: auth, firestore, database, hosting, pubsub, storage {"metadata":{"emulator":{"name":"functions"},"message":"The following emulators are not running, calls to these services from the Functions emulator will affect production: \u001b[1mauth, firestore, database, hosting, pubsub, storage\u001b[22m"}}
[debug] [2023-10-07T07:53:31.863Z] defaultcredentials: writing to file C:\Users\Nicolas\AppData\Roaming\firebase\nicothelatino1_gmail_com_application_default_credentials.json
[debug] [2023-10-07T07:53:31.865Z] Setting GAC to C:\Users\Nicolas\AppData\Roaming\firebase\nicothelatino1_gmail_com_application_default_credentials.json {"metadata":{"emulator":{"name":"functions"},"message":"Setting GAC to C:\\Users\\Nicolas\\AppData\\Roaming\\firebase\\nicothelatino1_gmail_com_application_default_credentials.json"}}
[debug] [2023-10-07T07:53:31.866Z] > refreshing access token with scopes: []
[debug] [2023-10-07T07:53:31.867Z] >>> [apiv2][query] POST https://www.googleapis.com/oauth2/v3/token [none]
[debug] [2023-10-07T07:53:31.867Z] >>> [apiv2][body] POST https://www.googleapis.com/oauth2/v3/token [omitted]
[debug] [2023-10-07T07:53:32.144Z] <<< [apiv2][status] POST https://www.googleapis.com/oauth2/v3/token 200
[debug] [2023-10-07T07:53:32.145Z] <<< [apiv2][body] POST https://www.googleapis.com/oauth2/v3/token [omitted]
[debug] [2023-10-07T07:53:32.153Z] >>> [apiv2][query] GET https://firebase.googleapis.com/v1beta1/projects/deakin-web-app-cba3b/adminSdkConfig [none]
[debug] [2023-10-07T07:53:33.142Z] <<< [apiv2][status] GET https://firebase.googleapis.com/v1beta1/projects/deakin-web-app-cba3b/adminSdkConfig 200
[debug] [2023-10-07T07:53:33.142Z] <<< [apiv2][body] GET https://firebase.googleapis.com/v1beta1/projects/deakin-web-app-cba3b/adminSdkConfig {"projectId":"deakin-web-app-cba3b","storageBucket":"deakin-web-app-cba3b.appspot.com","locationId":"australia-southeast1"}
[info] i  ui: downloading ui-v1.11.7.zip... {"metadata":{"emulator":{"name":"ui"},"message":"downloading ui-v1.11.7.zip..."}}
[debug] [2023-10-07T07:53:33.158Z] >>> [apiv2][query] GET https://storage.googleapis.com/firebase-preview-drop/emulator/ui-v1.11.7.zip 
[debug] [2023-10-07T07:53:33.536Z] <<< [apiv2][status] GET https://storage.googleapis.com/firebase-preview-drop/emulator/ui-v1.11.7.zip 200
[debug] [2023-10-07T07:53:33.536Z] <<< [apiv2][body] GET https://storage.googleapis.com/firebase-preview-drop/emulator/ui-v1.11.7.zip [stream]
[debug] [2023-10-07T07:53:34.358Z] Data is 3064105
[debug] [2023-10-07T07:53:34.358Z] [unzip] Entry: client/ (compressed_size=0 bytes, uncompressed_size=0 bytes)
[debug] [2023-10-07T07:53:34.358Z] [unzip] Processing entry: client\
[debug] [2023-10-07T07:53:34.358Z] [unzip] mkdir: C:\Users\Nicolas\.cache\firebase\emulators\ui-v1.11.7\client\
[debug] [2023-10-07T07:53:34.358Z] [unzip] Entry: client/favicon.ico (compressed_size=2497 bytes, uncompressed_size=7406 bytes)
[debug] [2023-10-07T07:53:34.358Z] [unzip] Processing entry: client\favicon.ico
[debug] [2023-10-07T07:53:34.358Z] [unzip] else mkdir: C:\Users\Nicolas\.cache\firebase\emulators\ui-v1.11.7\client
[debug] [2023-10-07T07:53:34.359Z] [unzip] deflating: C:\Users\Nicolas\.cache\firebase\emulators\ui-v1.11.7\client\favicon.ico
[debug] [2023-10-07T07:53:34.361Z] [unzip] Entry: client/apple-touch-icon.png (compressed_size=7231 bytes, uncompressed_size=7367 bytes)
[debug] [2023-10-07T07:53:34.361Z] [unzip] Processing entry: client\apple-touch-icon.png
[debug] [2023-10-07T07:53:34.361Z] [unzip] else mkdir: C:\Users\Nicolas\.cache\firebase\emulators\ui-v1.11.7\client
[debug] [2023-10-07T07:53:34.361Z] [unzip] deflating: C:\Users\Nicolas\.cache\firebase\emulators\ui-v1.11.7\client\apple-touch-icon.png
[debug] [2023-10-07T07:53:34.362Z] [unzip] Entry: client/android-chrome-512x512.png (compressed_size=16987 bytes, uncompressed_size=18186 bytes)
[debug] [2023-10-07T07:53:34.362Z] [unzip] Processing entry: client\android-chrome-512x512.png
[debug] [2023-10-07T07:53:34.362Z] [unzip] else mkdir: C:\Users\Nicolas\.cache\firebase\emulators\ui-v1.11.7\client
[debug] [2023-10-07T07:53:34.362Z] [unzip] deflating: C:\Users\Nicolas\.cache\firebase\emulators\ui-v1.11.7\client\android-chrome-512x512.png
[debug] [2023-10-07T07:53:34.363Z] [unzip] Entry: client/assets/ (compressed_size=0 bytes, uncompressed_size=0 bytes)
[debug] [2023-10-07T07:53:34.363Z] [unzip] Processing entry: client\assets\
[debug] [2023-10-07T07:53:34.363Z] [unzip] mkdir: C:\Users\Nicolas\.cache\firebase\emulators\ui-v1.11.7\client\assets\
[debug] [2023-10-07T07:53:34.364Z] [unzip] Entry: client/assets/extensions/ (compressed_size=0 bytes, uncompressed_size=0 bytes)
[debug] [2023-10-07T07:53:34.364Z] [unzip] Processing entry: client\assets\extensions\
[debug] [2023-10-07T07:53:34.364Z] [unzip] mkdir: C:\Users\Nicolas\.cache\firebase\emulators\ui-v1.11.7\client\assets\extensions\
[debug] [2023-10-07T07:53:34.364Z] [unzip] Entry: client/assets/extensions/default-extension.png (compressed_size=1646 bytes, uncompressed_size=1657 bytes)
[debug] [2023-10-07T07:53:34.364Z] [unzip] Processing entry: client\assets\extensions\default-extension.png
[debug] [2023-10-07T07:53:34.364Z] [unzip] else mkdir: C:\Users\Nicolas\.cache\firebase\emulators\ui-v1.11.7\client\assets\extensions
[debug] [2023-10-07T07:53:34.364Z] [unzip] deflating: C:\Users\Nicolas\.cache\firebase\emulators\ui-v1.11.7\client\assets\extensions\default-extension.png
[debug] [2023-10-07T07:53:34.365Z] [unzip] Entry: client/assets/index.58ca09f7.css (compressed_size=37601 bytes, uncompressed_size=321252 bytes)
[debug] [2023-10-07T07:53:34.365Z] [unzip] Processing entry: client\assets\index.58ca09f7.css
[debug] [2023-10-07T07:53:34.365Z] [unzip] else mkdir: C:\Users\Nicolas\.cache\firebase\emulators\ui-v1.11.7\client\assets
[debug] [2023-10-07T07:53:34.365Z] [unzip] deflating: C:\Users\Nicolas\.cache\firebase\emulators\ui-v1.11.7\client\assets\index.58ca09f7.css
[debug] [2023-10-07T07:53:34.366Z] [unzip] Entry: client/assets/index.c2583d42.js (compressed_size=526232 bytes, uncompressed_size=1860152 bytes)
[debug] [2023-10-07T07:53:34.366Z] [unzip] Processing entry: client\assets\index.c2583d42.js
[debug] [2023-10-07T07:53:34.367Z] [unzip] else mkdir: C:\Users\Nicolas\.cache\firebase\emulators\ui-v1.11.7\client\assets
[debug] [2023-10-07T07:53:34.367Z] [unzip] deflating: C:\Users\Nicolas\.cache\firebase\emulators\ui-v1.11.7\client\assets\index.c2583d42.js
[debug] [2023-10-07T07:53:34.373Z] [unzip] Entry: client/assets/provider-icons/ (compressed_size=0 bytes, uncompressed_size=0 bytes)
[debug] [2023-10-07T07:53:34.374Z] [unzip] Processing entry: client\assets\provider-icons\
[debug] [2023-10-07T07:53:34.374Z] [unzip] mkdir: C:\Users\Nicolas\.cache\firebase\emulators\ui-v1.11.7\client\assets\provider-icons\
[debug] [2023-10-07T07:53:34.374Z] [unzip] Entry: client/assets/provider-icons/auth_service_oidc.svg (compressed_size=414 bytes, uncompressed_size=858 bytes)
[debug] [2023-10-07T07:53:34.374Z] [unzip] Processing entry: client\assets\provider-icons\auth_service_oidc.svg
[debug] [2023-10-07T07:53:34.374Z] [unzip] else mkdir: C:\Users\Nicolas\.cache\firebase\emulators\ui-v1.11.7\client\assets\provider-icons
[debug] [2023-10-07T07:53:34.374Z] [unzip] deflating: C:\Users\Nicolas\.cache\firebase\emulators\ui-v1.11.7\client\assets\provider-icons\auth_service_oidc.svg
[debug] [2023-10-07T07:53:34.375Z] [unzip] Entry: client/assets/provider-icons/auth_service_yahoo.svg (compressed_size=577 bytes, uncompressed_size=1182 bytes)
[debug] [2023-10-07T07:53:34.375Z] [unzip] Processing entry: client\assets\provider-icons\auth_service_yahoo.svg
[debug] [2023-10-07T07:53:34.375Z] [unzip] else mkdir: C:\Users\Nicolas\.cache\firebase\emulators\ui-v1.11.7\client\assets\provider-icons
[debug] [2023-10-07T07:53:34.375Z] [unzip] deflating: C:\Users\Nicolas\.cache\firebase\emulators\ui-v1.11.7\client\assets\provider-icons\auth_service_yahoo.svg
[debug] [2023-10-07T07:53:34.376Z] [unzip] Entry: client/assets/provider-icons/auth_service_phone.svg (compressed_size=261 bytes, uncompressed_size=414 bytes)
[debug] [2023-10-07T07:53:34.376Z] [unzip] Processing entry: client\assets\provider-icons\auth_service_phone.svg
[debug] [2023-10-07T07:53:34.376Z] [unzip] else mkdir: C:\Users\Nicolas\.cache\firebase\emulators\ui-v1.11.7\client\assets\provider-icons
[debug] [2023-10-07T07:53:34.376Z] [unzip] deflating: C:\Users\Nicolas\.cache\firebase\emulators\ui-v1.11.7\client\assets\provider-icons\auth_service_phone.svg
[debug] [2023-10-07T07:53:34.377Z] [unzip] Entry: client/assets/provider-icons/auth_service_saml.svg (compressed_size=575 bytes, uncompressed_size=1226 bytes)
[debug] [2023-10-07T07:53:34.377Z] [unzip] Processing entry: client\assets\provider-icons\auth_service_saml.svg
[debug] [2023-10-07T07:53:34.377Z] [unzip] else mkdir: C:\Users\Nicolas\.cache\firebase\emulators\ui-v1.11.7\client\assets\provider-icons
[debug] [2023-10-07T07:53:34.377Z] [unzip] deflating: C:\Users\Nicolas\.cache\firebase\emulators\ui-v1.11.7\client\assets\provider-icons\auth_service_saml.svg
[debug] [2023-10-07T07:53:34.378Z] [unzip] Entry: client/assets/provider-icons/auth_service_mslive.svg (compressed_size=203 bytes, uncompressed_size=378 bytes)
[debug] [2023-10-07T07:53:34.378Z] [unzip] Processing entry: client\assets\provider-icons\auth_service_mslive.svg
[debug] [2023-10-07T07:53:34.378Z] [unzip] else mkdir: C:\Users\Nicolas\.cache\firebase\emulators\ui-v1.11.7\client\assets\provider-icons
[debug] [2023-10-07T07:53:34.378Z] [unzip] deflating: C:\Users\Nicolas\.cache\firebase\emulators\ui-v1.11.7\client\assets\provider-icons\auth_service_mslive.svg
[debug] [2023-10-07T07:53:34.379Z] [unzip] Entry: client/assets/provider-icons/auth_service_facebook.svg (compressed_size=289 bytes, uncompressed_size=457 bytes)
[debug] [2023-10-07T07:53:34.379Z] [unzip] Processing entry: client\assets\provider-icons\auth_service_facebook.svg
[debug] [2023-10-07T07:53:34.379Z] [unzip] else mkdir: C:\Users\Nicolas\.cache\firebase\emulators\ui-v1.11.7\client\assets\provider-icons
[debug] [2023-10-07T07:53:34.379Z] [unzip] deflating: C:\Users\Nicolas\.cache\firebase\emulators\ui-v1.11.7\client\assets\provider-icons\auth_service_facebook.svg
[debug] [2023-10-07T07:53:34.380Z] [unzip] Entry: client/assets/provider-icons/auth_service_play_games.svg (compressed_size=565 bytes, uncompressed_size=1173 bytes)
[debug] [2023-10-07T07:53:34.380Z] [unzip] Processing entry: client\assets\provider-icons\auth_service_play_games.svg
[debug] [2023-10-07T07:53:34.380Z] [unzip] else mkdir: C:\Users\Nicolas\.cache\firebase\emulators\ui-v1.11.7\client\assets\provider-icons
[debug] [2023-10-07T07:53:34.380Z] [unzip] deflating: C:\Users\Nicolas\.cache\firebase\emulators\ui-v1.11.7\client\assets\provider-icons\auth_service_play_games.svg
[debug] [2023-10-07T07:53:34.381Z] [unzip] Entry: client/assets/provider-icons/auth_service_github.svg (compressed_size=466 bytes, uncompressed_size=838 bytes)
[debug] [2023-10-07T07:53:34.381Z] [unzip] Processing entry: client\assets\provider-icons\auth_service_github.svg
[debug] [2023-10-07T07:53:34.381Z] [unzip] else mkdir: C:\Users\Nicolas\.cache\firebase\emulators\ui-v1.11.7\client\assets\provider-icons
[debug] [2023-10-07T07:53:34.381Z] [unzip] deflating: C:\Users\Nicolas\.cache\firebase\emulators\ui-v1.11.7\client\assets\provider-icons\auth_service_github.svg
[debug] [2023-10-07T07:53:34.381Z] [unzip] Entry: client/assets/provider-icons/auth_service_apple.svg (compressed_size=230 bytes, uncompressed_size=334 bytes)
[debug] [2023-10-07T07:53:34.382Z] [unzip] Processing entry: client\assets\provider-icons\auth_service_apple.svg
[debug] [2023-10-07T07:53:34.382Z] [unzip] else mkdir: C:\Users\Nicolas\.cache\firebase\emulators\ui-v1.11.7\client\assets\provider-icons
[debug] [2023-10-07T07:53:34.382Z] [unzip] deflating: C:\Users\Nicolas\.cache\firebase\emulators\ui-v1.11.7\client\assets\provider-icons\auth_service_apple.svg
[debug] [2023-10-07T07:53:34.382Z] [unzip] Entry: client/assets/provider-icons/auth_service_google.svg (compressed_size=409 bytes, uncompressed_size=720 bytes)
[debug] [2023-10-07T07:53:34.382Z] [unzip] Processing entry: client\assets\provider-icons\auth_service_google.svg
[debug] [2023-10-07T07:53:34.382Z] [unzip] else mkdir: C:\Users\Nicolas\.cache\firebase\emulators\ui-v1.11.7\client\assets\provider-icons
[debug] [2023-10-07T07:53:34.382Z] [unzip] deflating: C:\Users\Nicolas\.cache\firebase\emulators\ui-v1.11.7\client\assets\provider-icons\auth_service_google.svg
[debug] [2023-10-07T07:53:34.383Z] [unzip] Entry: client/assets/provider-icons/auth_service_email.svg (compressed_size=228 bytes, uncompressed_size=326 bytes)
[debug] [2023-10-07T07:53:34.383Z] [unzip] Processing entry: client\assets\provider-icons\auth_service_email.svg
[debug] [2023-10-07T07:53:34.383Z] [unzip] else mkdir: C:\Users\Nicolas\.cache\firebase\emulators\ui-v1.11.7\client\assets\provider-icons
[debug] [2023-10-07T07:53:34.383Z] [unzip] deflating: C:\Users\Nicolas\.cache\firebase\emulators\ui-v1.11.7\client\assets\provider-icons\auth_service_email.svg
[debug] [2023-10-07T07:53:34.384Z] [unzip] Entry: client/assets/provider-icons/auth_service_twitter.svg (compressed_size=444 bytes, uncompressed_size=751 bytes)
[debug] [2023-10-07T07:53:34.384Z] [unzip] Processing entry: client\assets\provider-icons\auth_service_twitter.svg
[debug] [2023-10-07T07:53:34.384Z] [unzip] else mkdir: C:\Users\Nicolas\.cache\firebase\emulators\ui-v1.11.7\client\assets\provider-icons
[debug] [2023-10-07T07:53:34.384Z] [unzip] deflating: C:\Users\Nicolas\.cache\firebase\emulators\ui-v1.11.7\client\assets\provider-icons\auth_service_twitter.svg
[debug] [2023-10-07T07:53:34.385Z] [unzip] Entry: client/assets/provider-icons/auth_service_game_center.svg (compressed_size=991 bytes, uncompressed_size=3921 bytes)
[debug] [2023-10-07T07:53:34.385Z] [unzip] Processing entry: client\assets\provider-icons\auth_service_game_center.svg
[debug] [2023-10-07T07:53:34.385Z] [unzip] else mkdir: C:\Users\Nicolas\.cache\firebase\emulators\ui-v1.11.7\client\assets\provider-icons
[debug] [2023-10-07T07:53:34.385Z] [unzip] deflating: C:\Users\Nicolas\.cache\firebase\emulators\ui-v1.11.7\client\assets\provider-icons\auth_service_game_center.svg
[debug] [2023-10-07T07:53:34.385Z] [unzip] Entry: client/assets/index.c2583d42.js.map (compressed_size=1778557 bytes, uncompressed_size=7961927 bytes)
[debug] [2023-10-07T07:53:34.385Z] [unzip] Processing entry: client\assets\index.c2583d42.js.map
[debug] [2023-10-07T07:53:34.386Z] [unzip] else mkdir: C:\Users\Nicolas\.cache\firebase\emulators\ui-v1.11.7\client\assets
[debug] [2023-10-07T07:53:34.386Z] [unzip] deflating: C:\Users\Nicolas\.cache\firebase\emulators\ui-v1.11.7\client\assets\index.c2583d42.js.map
[debug] [2023-10-07T07:53:34.408Z] [unzip] Entry: client/assets/img/ (compressed_size=0 bytes, uncompressed_size=0 bytes)
[debug] [2023-10-07T07:53:34.408Z] [unzip] Processing entry: client\assets\img\
[debug] [2023-10-07T07:53:34.408Z] [unzip] mkdir: C:\Users\Nicolas\.cache\firebase\emulators\ui-v1.11.7\client\assets\img\
[debug] [2023-10-07T07:53:34.408Z] [unzip] Entry: client/assets/img/database.png (compressed_size=29449 bytes, uncompressed_size=29988 bytes)
[debug] [2023-10-07T07:53:34.408Z] [unzip] Processing entry: client\assets\img\database.png
[debug] [2023-10-07T07:53:34.408Z] [unzip] else mkdir: C:\Users\Nicolas\.cache\firebase\emulators\ui-v1.11.7\client\assets\img
[debug] [2023-10-07T07:53:34.408Z] [unzip] deflating: C:\Users\Nicolas\.cache\firebase\emulators\ui-v1.11.7\client\assets\img\database.png
[debug] [2023-10-07T07:53:34.409Z] [unzip] Entry: client/safari-pinned-tab.svg (compressed_size=838 bytes, uncompressed_size=1504 bytes)
[debug] [2023-10-07T07:53:34.409Z] [unzip] Processing entry: client\safari-pinned-tab.svg
[debug] [2023-10-07T07:53:34.409Z] [unzip] else mkdir: C:\Users\Nicolas\.cache\firebase\emulators\ui-v1.11.7\client
[debug] [2023-10-07T07:53:34.409Z] [unzip] deflating: C:\Users\Nicolas\.cache\firebase\emulators\ui-v1.11.7\client\safari-pinned-tab.svg
[debug] [2023-10-07T07:53:34.410Z] [unzip] Entry: client/mstile-150x150.png (compressed_size=5406 bytes, uncompressed_size=5723 bytes)
[debug] [2023-10-07T07:53:34.410Z] [unzip] Processing entry: client\mstile-150x150.png
[debug] [2023-10-07T07:53:34.410Z] [unzip] else mkdir: C:\Users\Nicolas\.cache\firebase\emulators\ui-v1.11.7\client
[debug] [2023-10-07T07:53:34.410Z] [unzip] deflating: C:\Users\Nicolas\.cache\firebase\emulators\ui-v1.11.7\client\mstile-150x150.png
[debug] [2023-10-07T07:53:34.411Z] [unzip] Entry: client/browserconfig.xml (compressed_size=491 bytes, uncompressed_size=822 bytes)
[debug] [2023-10-07T07:53:34.411Z] [unzip] Processing entry: client\browserconfig.xml
[debug] [2023-10-07T07:53:34.411Z] [unzip] else mkdir: C:\Users\Nicolas\.cache\firebase\emulators\ui-v1.11.7\client
[debug] [2023-10-07T07:53:34.411Z] [unzip] deflating: C:\Users\Nicolas\.cache\firebase\emulators\ui-v1.11.7\client\browserconfig.xml
[debug] [2023-10-07T07:53:34.411Z] [unzip] Entry: client/robots.txt (compressed_size=26 bytes, uncompressed_size=26 bytes)
[debug] [2023-10-07T07:53:34.411Z] [unzip] Processing entry: client\robots.txt
[debug] [2023-10-07T07:53:34.411Z] [unzip] else mkdir: C:\Users\Nicolas\.cache\firebase\emulators\ui-v1.11.7\client
[debug] [2023-10-07T07:53:34.412Z] [unzip] Writing file: C:\Users\Nicolas\.cache\firebase\emulators\ui-v1.11.7\client\robots.txt
[debug] [2023-10-07T07:53:34.412Z] [unzip] Entry: client/index.html (compressed_size=1363 bytes, uncompressed_size=3064 bytes)
[debug] [2023-10-07T07:53:34.412Z] [unzip] Processing entry: client\index.html
[debug] [2023-10-07T07:53:34.412Z] [unzip] else mkdir: C:\Users\Nicolas\.cache\firebase\emulators\ui-v1.11.7\client
[debug] [2023-10-07T07:53:34.412Z] [unzip] deflating: C:\Users\Nicolas\.cache\firebase\emulators\ui-v1.11.7\client\index.html
[debug] [2023-10-07T07:53:34.413Z] [unzip] Entry: client/favicon-16x16.png (compressed_size=757 bytes, uncompressed_size=777 bytes)
[debug] [2023-10-07T07:53:34.413Z] [unzip] Processing entry: client\favicon-16x16.png
[debug] [2023-10-07T07:53:34.413Z] [unzip] else mkdir: C:\Users\Nicolas\.cache\firebase\emulators\ui-v1.11.7\client
[debug] [2023-10-07T07:53:34.413Z] [unzip] deflating: C:\Users\Nicolas\.cache\firebase\emulators\ui-v1.11.7\client\favicon-16x16.png
[debug] [2023-10-07T07:53:34.414Z] [unzip] Entry: client/manifest.json (compressed_size=246 bytes, uncompressed_size=551 bytes)
[debug] [2023-10-07T07:53:34.414Z] [unzip] Processing entry: client\manifest.json
[debug] [2023-10-07T07:53:34.414Z] [unzip] else mkdir: C:\Users\Nicolas\.cache\firebase\emulators\ui-v1.11.7\client
[debug] [2023-10-07T07:53:34.414Z] [unzip] deflating: C:\Users\Nicolas\.cache\firebase\emulators\ui-v1.11.7\client\manifest.json
[debug] [2023-10-07T07:53:34.414Z] [unzip] Entry: client/favicon-32x32.png (compressed_size=1175 bytes, uncompressed_size=1175 bytes)
[debug] [2023-10-07T07:53:34.414Z] [unzip] Processing entry: client\favicon-32x32.png
[debug] [2023-10-07T07:53:34.415Z] [unzip] else mkdir: C:\Users\Nicolas\.cache\firebase\emulators\ui-v1.11.7\client
[debug] [2023-10-07T07:53:34.415Z] [unzip] Writing file: C:\Users\Nicolas\.cache\firebase\emulators\ui-v1.11.7\client\favicon-32x32.png
[debug] [2023-10-07T07:53:34.415Z] [unzip] Entry: client/android-chrome-192x192.png (compressed_size=7602 bytes, uncompressed_size=7834 bytes)
[debug] [2023-10-07T07:53:34.415Z] [unzip] Processing entry: client\android-chrome-192x192.png
[debug] [2023-10-07T07:53:34.415Z] [unzip] else mkdir: C:\Users\Nicolas\.cache\firebase\emulators\ui-v1.11.7\client
[debug] [2023-10-07T07:53:34.415Z] [unzip] deflating: C:\Users\Nicolas\.cache\firebase\emulators\ui-v1.11.7\client\android-chrome-192x192.png
[debug] [2023-10-07T07:53:34.416Z] [unzip] Entry: server/ (compressed_size=0 bytes, uncompressed_size=0 bytes)
[debug] [2023-10-07T07:53:34.416Z] [unzip] Processing entry: server\
[debug] [2023-10-07T07:53:34.416Z] [unzip] mkdir: C:\Users\Nicolas\.cache\firebase\emulators\ui-v1.11.7\server\
[debug] [2023-10-07T07:53:34.416Z] [unzip] Entry: server/server.js (compressed_size=343746 bytes, uncompressed_size=1346374 bytes)
[debug] [2023-10-07T07:53:34.416Z] [unzip] Processing entry: server\server.js
[debug] [2023-10-07T07:53:34.416Z] [unzip] else mkdir: C:\Users\Nicolas\.cache\firebase\emulators\ui-v1.11.7\server
[debug] [2023-10-07T07:53:34.416Z] [unzip] deflating: C:\Users\Nicolas\.cache\firebase\emulators\ui-v1.11.7\server\server.js
[debug] [2023-10-07T07:53:34.420Z] [unzip] Entry: server/server.js.map (compressed_size=289157 bytes, uncompressed_size=1325651 bytes)
[debug] [2023-10-07T07:53:34.420Z] [unzip] Processing entry: server\server.js.map
[debug] [2023-10-07T07:53:34.420Z] [unzip] else mkdir: C:\Users\Nicolas\.cache\firebase\emulators\ui-v1.11.7\server
[debug] [2023-10-07T07:53:34.421Z] [unzip] deflating: C:\Users\Nicolas\.cache\firebase\emulators\ui-v1.11.7\server\server.js.map
[debug] [2023-10-07T07:53:34.425Z] Ignoring unsupported arg: auto_download {"metadata":{"emulator":{"name":"ui"},"message":"Ignoring unsupported arg: auto_download"}}
[debug] [2023-10-07T07:53:34.425Z] Ignoring unsupported arg: port {"metadata":{"emulator":{"name":"ui"},"message":"Ignoring unsupported arg: port"}}
[debug] [2023-10-07T07:53:34.425Z] Starting Emulator UI with command {"binary":"node","args":["C:\\Users\\Nicolas\\.cache\\firebase\\emulators\\ui-v1.11.7\\server\\server.js"],"optionalArgs":[],"joinArgs":false} {"metadata":{"emulator":{"name":"ui"},"message":"Starting Emulator UI with command {\"binary\":\"node\",\"args\":[\"C:\\\\Users\\\\Nicolas\\\\.cache\\\\firebase\\\\emulators\\\\ui-v1.11.7\\\\server\\\\server.js\"],\"optionalArgs\":[],\"joinArgs\":false}"}}
[info] i  ui: Emulator UI logging to ui-debug.log {"metadata":{"emulator":{"name":"ui"},"message":"Emulator UI logging to \u001b[1mui-debug.log\u001b[22m"}}
[debug] [2023-10-07T07:53:34.507Z] Web / API server started at 127.0.0.1:4000
 {"metadata":{"emulator":{"name":"ui"},"message":"Web / API server started at 127.0.0.1:4000\n"}}
[debug] [2023-10-07T07:53:34.507Z] Web / API server started at ::1:4000
 {"metadata":{"emulator":{"name":"ui"},"message":"Web / API server started at ::1:4000\n"}}
[info] i  functions: Watching "C:\Users\Nicolas\Documents\Bachelor Of Information Technology\Year 3\Trimester 2\SIT313 - Full Stack Development (Secure Frontend Applications)\Task 6.1HD\freelancer-marketplace\functions" for Cloud Functions... {"metadata":{"emulator":{"name":"functions"},"message":"Watching \"C:\\Users\\Nicolas\\Documents\\Bachelor Of Information Technology\\Year 3\\Trimester 2\\SIT313 - Full Stack Development (Secure Frontend Applications)\\Task 6.1HD\\freelancer-marketplace\\functions\" for Cloud Functions..."}}
[debug] [2023-10-07T07:53:34.699Z] Validating nodejs source
[debug] [2023-10-07T07:53:35.673Z] > [functions] package.json contents: {
  "name": "functions",
  "description": "Cloud Functions for Firebase",
  "scripts": {
    "lint": "eslint .",
    "serve": "firebase emulators:start --only functions",
    "shell": "firebase functions:shell",
    "start": "npm run shell",
    "deploy": "firebase deploy --only functions",
    "logs": "firebase functions:log"
  },
  "engines": {
    "node": "18"
  },
  "main": "index.js",
  "dependencies": {
    "firebase-admin": "^11.8.0",
    "firebase-functions": "^4.3.1"
  },
  "devDependencies": {
    "eslint": "^8.15.0",
    "eslint-config-google": "^0.14.0",
    "firebase-functions-test": "^3.1.0"
  },
  "private": true
}
[debug] [2023-10-07T07:53:35.673Z] Building nodejs source
[debug] [2023-10-07T07:53:35.673Z] Failed to find version of module node: reached end of search path C:\Users\Nicolas\Documents\Bachelor Of Information Technology\Year 3\Trimester 2\SIT313 - Full Stack Development (Secure Frontend Applications)\Task 6.1HD\freelancer-marketplace\functions\node_modules
[info] +  functions: Using node@18 from host. 
[debug] [2023-10-07T07:53:35.675Z] Could not find functions.yaml. Must use http discovery
[debug] [2023-10-07T07:53:35.681Z] Found firebase-functions binary at 'C:\Users\Nicolas\Documents\Bachelor Of Information Technology\Year 3\Trimester 2\SIT313 - Full Stack Development (Secure Frontend Applications)\Task 6.1HD\freelancer-marketplace\functions\node_modules\.bin\firebase-functions'
[info] Serving at port 8774

[debug] [2023-10-07T07:53:36.156Z] Got response from /__/functions.yaml {"endpoints":{},"specVersion":"v1alpha1","requiredAPIs":[]}
[info] shutdown requested via /__/quitquitquit

[info] +  functions: Loaded functions definitions from source: . {"metadata":{"emulator":{"name":"functions"},"message":"Loaded functions definitions from source: ."}}
[info] 
┌─────────────────────────────────────────────────────────────┐
│ ✔  All emulators ready! It is now safe to connect your app. │
│ i  View Emulator UI at http://127.0.0.1:4000/               │
└─────────────────────────────────────────────────────────────┘

┌───────────┬────────────────┬─────────────────────────────────┐
│ Emulator  │ Host:Port      │ View in Emulator UI             │
├───────────┼────────────────┼─────────────────────────────────┤
│ Functions │ 127.0.0.1:5001 │ http://127.0.0.1:4000/functions │
└───────────┴────────────────┴─────────────────────────────────┘
  Emulator Hub running at 127.0.0.1:4400
  Other reserved ports: 4500

Issues? Report them at https://github.com/firebase/firebase-tools/issues and attach the *-debug.log files.
 
[debug] [2023-10-07T08:23:41.000Z] Functions emulator received unknown request at path /
[debug] [2023-10-07T08:23:41.032Z] Functions emulator received unknown request at path /favicon.ico
